<?xml version="1.0" encoding="UTF-8"?>
<!-- Generated by org.testng.reporters.JUnitReportReporter -->
<testsuite hostname="Sani" failures="1" tests="1" name="runner.Runner" time="21.797" errors="0" timestamp="2025-03-15T18:03:42 GMT" skipped="0">
  <testcase classname="runner.Runner" name="runScenario" time="21.797">
    <failure message="expected [Register] but found [Login]" type="java.lang.AssertionError">
      <![CDATA[java.lang.AssertionError: expected [Register] but found [Login]
at org.testng.Assert.fail(Assert.java:111)
at org.testng.Assert.failNotEquals(Assert.java:1578)
at org.testng.Assert.assertEqualsImpl(Assert.java:150)
at org.testng.Assert.assertEquals(Assert.java:132)
at org.testng.Assert.assertEquals(Assert.java:656)
at org.testng.Assert.assertEquals(Assert.java:666)
at steps.Registerpage.login_page_should_display(Registerpage.java:107)
at âœ½.Login page should display(file:///C:/Users/sanim/JavaPrograms/CucumberBasics/src/test/java/features/Register.feature:27)
]]>
    </failure>
  </testcase> <!-- runScenario -->
</testsuite> <!-- runner.Runner -->
